Flow report for sincarea
Tue Feb 21 18:42:23 2017
Quartus Prime Version 16.1.0 Build 196 10/24/2016 SJ Standard Edition


---------------------
; Table of Contents ;
---------------------
  1. Legal Notice
  2. Flow Summary
  3. Flow Settings
  4. Flow Non-Default Global Settings
  5. Flow Elapsed Time
  6. Flow OS Summary
  7. Flow Log
  8. Flow Messages
  9. Flow Suppressed Messages



----------------
; Legal Notice ;
----------------
Copyright (C) 2016  Intel Corporation. All rights reserved.
Your use of Intel Corporation's design tools, logic functions 
and other software and tools, and its AMPP partner logic 
functions, and any output files from any of the foregoing 
(including device programming or simulation files), and any 
associated documentation or information are expressly subject 
to the terms and conditions of the Intel Program License 
Subscription Agreement, the Intel Quartus Prime License Agreement,
the Intel MegaCore Function License Agreement, or other 
applicable license agreement, including, without limitation, 
that your use is for the sole purpose of programming logic 
devices manufactured by Intel and sold by Intel or its 
authorized distributors.  Please refer to the applicable 
agreement for further details.



+-----------------------------------------------------------------------------------+
; Flow Summary                                                                      ;
+---------------------------------+-------------------------------------------------+
; Flow Status                     ; Successful - Tue Feb 21 18:42:23 2017           ;
; Quartus Prime Version           ; 16.1.0 Build 196 10/24/2016 SJ Standard Edition ;
; Revision Name                   ; sincarea                                        ;
; Top-level Entity Name           ; sinc_top                                        ;
; Family                          ; Cyclone V                                       ;
; Device                          ; 5CSEMA5F31C6                                    ;
; Timing Models                   ; Final                                           ;
; Logic utilization (in ALMs)     ; 3,239 / 32,070 ( 10 % )                         ;
; Total registers                 ; 6490                                            ;
; Total pins                      ; 15 / 457 ( 3 % )                                ;
; Total virtual pins              ; 0                                               ;
; Total block memory bits         ; 1,056 / 4,065,280 ( < 1 % )                     ;
; Total DSP Blocks                ; 35 / 87 ( 40 % )                                ;
; Total HSSI RX PCSs              ; 0                                               ;
; Total HSSI PMA RX Deserializers ; 0                                               ;
; Total HSSI TX PCSs              ; 0                                               ;
; Total HSSI PMA TX Serializers   ; 0                                               ;
; Total PLLs                      ; 0 / 6 ( 0 % )                                   ;
; Total DLLs                      ; 0 / 4 ( 0 % )                                   ;
+---------------------------------+-------------------------------------------------+


+-----------------------------------------+
; Flow Settings                           ;
+-------------------+---------------------+
; Option            ; Setting             ;
+-------------------+---------------------+
; Start date & time ; 02/21/2017 18:38:53 ;
; Main task         ; Compilation         ;
; Revision Name     ; sincarea            ;
+-------------------+---------------------+


+-----------------------------------------------------------------------------------------------------------------------------+
; Flow Non-Default Global Settings                                                                                            ;
+---------------------------------------+----------------------------------------+---------------+-------------+--------------+
; Assignment Name                       ; Value                                  ; Default Value ; Entity Name ; Section Id   ;
+---------------------------------------+----------------------------------------+---------------+-------------+--------------+
; COMPILER_SIGNATURE_ID                 ; 83520988431.148772033301776            ; --            ; --          ; --           ;
; ECO_REGENERATE_REPORT                 ; On                                     ; Off           ; --          ; --           ;
; MAX_CORE_JUNCTION_TEMP                ; 85                                     ; --            ; --          ; --           ;
; MIN_CORE_JUNCTION_TEMP                ; 0                                      ; --            ; --          ; --           ;
; MISC_FILE                             ; addsubp4.bsf                           ; --            ; --          ; --           ;
; MISC_FILE                             ; addsubp4_inst.v                        ; --            ; --          ; --           ;
; MISC_FILE                             ; addsubp4_bb.v                          ; --            ; --          ; --           ;
; MISC_FILE                             ; addsubp4.inc                           ; --            ; --          ; --           ;
; MISC_FILE                             ; addsubp4.cmp                           ; --            ; --          ; --           ;
; MISC_FILE                             ; addsubp4_syn.v                         ; --            ; --          ; --           ;
; MISC_FILE                             ; multp4.bsf                             ; --            ; --          ; --           ;
; MISC_FILE                             ; multp4_inst.v                          ; --            ; --          ; --           ;
; MISC_FILE                             ; multp4_bb.v                            ; --            ; --          ; --           ;
; MISC_FILE                             ; multp4.inc                             ; --            ; --          ; --           ;
; MISC_FILE                             ; multp4.cmp                             ; --            ; --          ; --           ;
; MISC_FILE                             ; multp4_syn.v                           ; --            ; --          ; --           ;
; MISC_FILE                             ; divp4.bsf                              ; --            ; --          ; --           ;
; MISC_FILE                             ; divp4_inst.v                           ; --            ; --          ; --           ;
; MISC_FILE                             ; divp4_bb.v                             ; --            ; --          ; --           ;
; MISC_FILE                             ; divp4.inc                              ; --            ; --          ; --           ;
; MISC_FILE                             ; divp4.cmp                              ; --            ; --          ; --           ;
; MISC_FILE                             ; divp4_syn.v                            ; --            ; --          ; --           ;
; NUM_PARALLEL_PROCESSORS               ; All                                    ; --            ; --          ; --           ;
; PARTITION_COLOR                       ; -- (Not supported for targeted family) ; --            ; sinc_top    ; Top          ;
; PARTITION_FITTER_PRESERVATION_LEVEL   ; -- (Not supported for targeted family) ; --            ; sinc_top    ; Top          ;
; PARTITION_NETLIST_TYPE                ; -- (Not supported for targeted family) ; --            ; sinc_top    ; Top          ;
; POWER_BOARD_THERMAL_MODEL             ; None (CONSERVATIVE)                    ; --            ; --          ; --           ;
; POWER_DEFAULT_INPUT_IO_TOGGLE_RATE    ; 12.5 %                                 ; 12.5%         ; --          ; --           ;
; POWER_INPUT_FILE_NAME                 ; sincarea.vcd                           ; --            ; sinc_top    ; sincarea.vcd ;
; POWER_OUTPUT_SAF_NAME                 ; signal_activity.pplay                  ; --            ; --          ; --           ;
; POWER_PRESET_COOLING_SOLUTION         ; 23 MM HEAT SINK WITH 200 LFPM AIRFLOW  ; --            ; --          ; --           ;
; POWER_REPORT_POWER_DISSIPATION        ; On                                     ; Off           ; --          ; --           ;
; POWER_REPORT_SIGNAL_ACTIVITY          ; On                                     ; Off           ; --          ; --           ;
; POWER_USE_INPUT_FILES                 ; On                                     ; Off           ; --          ; --           ;
; SMART_RECOMPILE                       ; On                                     ; Off           ; --          ; --           ;
; TOP_LEVEL_ENTITY                      ; sinc_top                               ; sincarea      ; --          ; --           ;
; USE_DLL_FREQUENCY_FOR_DQS_DELAY_CHAIN ; On                                     ; Off           ; --          ; --           ;
+---------------------------------------+----------------------------------------+---------------+-------------+--------------+


+-------------------------------------------------------------------------------------------------------------------------------+
; Flow Elapsed Time                                                                                                             ;
+---------------------------+--------------+-------------------------+---------------------+------------------------------------+
; Module Name               ; Elapsed Time ; Average Processors Used ; Peak Virtual Memory ; Total CPU Time (on all processors) ;
+---------------------------+--------------+-------------------------+---------------------+------------------------------------+
; Analysis & Synthesis      ; 00:00:35     ; 1.6                     ; 1204 MB             ; 00:01:02                           ;
; Fitter                    ; 00:01:53     ; 1.3                     ; 2325 MB             ; 00:03:57                           ;
; Assembler                 ; 00:00:10     ; 1.0                     ; 1033 MB             ; 00:00:09                           ;
; TimeQuest Timing Analyzer ; 00:00:15     ; 2.4                     ; 1359 MB             ; 00:00:32                           ;
; PowerPlay Power Analyzer  ; 00:00:18     ; 1.5                     ; 1447 MB             ; 00:00:24                           ;
; Total                     ; 00:03:11     ; --                      ; --                  ; 00:06:04                           ;
+---------------------------+--------------+-------------------------+---------------------+------------------------------------+


+-------------------------------------------------------------------------------------------+
; Flow OS Summary                                                                           ;
+---------------------------+------------------+--------------+------------+----------------+
; Module Name               ; Machine Hostname ; OS Name      ; OS Version ; Processor type ;
+---------------------------+------------------+--------------+------------+----------------+
; Analysis & Synthesis      ; ece4514-2017     ; Ubuntu 15.10 ; 15         ; x86_64         ;
; Fitter                    ; ece4514-2017     ; Ubuntu 15.10 ; 15         ; x86_64         ;
; Assembler                 ; ece4514-2017     ; Ubuntu 15.10 ; 15         ; x86_64         ;
; TimeQuest Timing Analyzer ; ece4514-2017     ; Ubuntu 15.10 ; 15         ; x86_64         ;
; PowerPlay Power Analyzer  ; ece4514-2017     ; Ubuntu 15.10 ; 15         ; x86_64         ;
+---------------------------+------------------+--------------+------------+----------------+


------------
; Flow Log ;
------------
quartus_map --read_settings_files=on --write_settings_files=off sincarea -c sincarea
quartus_fit --read_settings_files=off --write_settings_files=off sincarea -c sincarea
quartus_asm --read_settings_files=off --write_settings_files=off sincarea -c sincarea
quartus_sta sincarea -c sincarea
quartus_pow --read_settings_files=on --write_settings_files=off sincarea -c sincarea



